\BOOKMARK [1][-]{section.1}{Resonances - an overview}{}% 1
\BOOKMARK [2][-]{subsection.1.1}{Introduction to resonance}{section.1}% 2
\BOOKMARK [2][-]{subsection.1.2}{Angular frequency units}{section.1}% 3
\BOOKMARK [1][-]{section.2}{Resonance widths and uncertainty relations}{}% 4
\BOOKMARK [2][-]{subsection.2.1}{How precisely can you measure frequencies?}{section.2}% 5
\BOOKMARK [2][-]{subsection.2.2}{Heisenberg limits on quantum and classical systems}{section.2}% 6
\BOOKMARK [2][-]{subsection.2.3}{Frequency measurement example: atomic clocks}{section.2}% 7
\BOOKMARK [1][-]{section.3}{Harmonic oscillators and two-level systems}{}% 8
\BOOKMARK [2][-]{subsection.3.1}{Harmonic oscillators vs. two-level systems}{section.3}% 9
\BOOKMARK [2][-]{subsection.3.2}{Rotating systems vs. 2-level systems}{section.3}% 10
\BOOKMARK [1][-]{section.4}{Classical magnetic moment in a uniform field}{}% 11
\BOOKMARK [2][-]{subsection.4.1}{Magnetic resonance}{section.4}% 12
\BOOKMARK [2][-]{subsection.4.2}{Rotating coordinate transform for equations of motion of a classical magnetic moment}{section.4}% 13
\BOOKMARK [2][-]{subsection.4.3}{Rotating magnetic field on resonance}{section.4}% 14
\BOOKMARK [2][-]{subsection.4.4}{Rapid adiabatic passage}{section.4}% 15
\BOOKMARK [1][-]{section.5}{Equation of motion for the expectation value}{}% 16
\BOOKMARK [2][-]{subsection.5.1}{Quantized spin in a magnetic field}{section.5}% 17
\BOOKMARK [1][-]{section.6}{The two-level system: spin 12}{}% 18
\BOOKMARK [2][-]{subsection.6.1}{Two-level system - spin 12 Rabi oscillations}{section.6}% 19
\BOOKMARK [2][-]{subsection.6.2}{Two-level system Hamiltonian}{section.6}% 20
\BOOKMARK [1][-]{section.7}{Rapid adiabatic passage - quantum treatment}{}% 21
\BOOKMARK [2][-]{subsection.7.1}{Rapid adiabatic passage and Landau-Zener transitions}{section.7}% 22
